<?xml version="1.0" encoding="UTF-8"?>
<!-- Generated by org.testng.reporters.JUnitReportReporter -->
<testsuite skipped="0" hostname="Admin-PC" name="WebProject.Testregression" tests="1" failures="0" timestamp="31 May 2020 15:47:43 GMT" time="8.850" errors="0">
  <testcase name="Tc001" time="8.850" classname="WebProject.Testregression"/>
</testsuite> <!-- WebProject.Testregression -->
